# JRE version: OpenJDK Runtime Environment Zulu17.42+19-CA (17.0.7+7) (build 17.0.7+7-LTS)
# Java VM: OpenJDK 64-Bit Server VM Zulu17.42+19-CA (17.0.7+7-LTS, mixed mode, sharing, tiered, compressed oops, compressed class ptrs, g1 gc, windows-amd64)
GC Precious Log:
 CPUs: 8 total, 8 available
 Memory: 8008M
 Large Page Support: Disabled
 NUMA Support: Disabled
 Compressed Oops: Enabled (32-bit)
 Heap Region Size: 1M
 Heap Min Capacity: 256M
 Heap Initial Capacity: 256M
 Heap Max Capacity: 512M
 Pre-touch: Disabled
 Parallel Workers: 8
 Concurrent Workers: 2
 Concurrent Refinement Workers: 8
 Periodic GC: Disabled
Heap:
 garbage-first heap   total 262144K, used 146011K [0x00000000e0000000, 0x0000000100000000)
  region size 1024K, 56 young (57344K), 6 survivors (6144K)
 Metaspace       used 88038K, committed 89344K, reserved 458752K
  class space    used 11749K, committed 12480K, reserved 327680K
GC Heap History (20 events):
Event: 3302.936 GC heap before
{Heap before GC invocations=24 (full 0):
 garbage-first heap   total 262144K, used 219520K [0x00000000e0000000, 0x0000000100000000)
  region size 1024K, 119 young (121856K), 7 survivors (7168K)
 Metaspace       used 87140K, committed 88576K, reserved 458752K
  class space    used 11800K, committed 12480K, reserved 327680K
}
Event: 3302.975 GC heap after
{Heap after GC invocations=25 (full 0):
 garbage-first heap   total 262144K, used 100388K [0x00000000e0000000, 0x0000000100000000)
  region size 1024K, 2 young (2048K), 2 survivors (2048K)
 Metaspace       used 87140K, committed 88576K, reserved 458752K
  class space    used 11800K, committed 12480K, reserved 327680K
}
Event: 3607.880 GC heap before
{Heap before GC invocations=25 (full 0):
 garbage-first heap   total 262144K, used 156708K [0x00000000e0000000, 0x0000000100000000)
  region size 1024K, 58 young (59392K), 2 survivors (2048K)
 Metaspace       used 87144K, committed 88576K, reserved 458752K
  class space    used 11800K, committed 12480K, reserved 327680K
}
Event: 3608.311 GC heap after
{Heap after GC invocations=26 (full 1):
 garbage-first heap   total 262144K, used 76377K [0x00000000e0000000, 0x0000000100000000)
  region size 1024K, 0 young (0K), 0 survivors (0K)
 Metaspace       used 86118K, committed 88576K, reserved 458752K
  class space    used 11603K, committed 12480K, reserved 327680K
}
Event: 3780.504 GC heap before
{Heap before GC invocations=26 (full 1):
 garbage-first heap   total 262144K, used 220761K [0x00000000e0000000, 0x0000000100000000)
  region size 1024K, 141 young (144384K), 0 survivors (0K)
 Metaspace       used 86587K, committed 88576K, reserved 458752K
  class space    used 11664K, committed 12480K, reserved 327680K
}
Event: 3780.531 GC heap after
{Heap after GC invocations=27 (full 1):
 garbage-first heap   total 262144K, used 84479K [0x00000000e0000000, 0x0000000100000000)
  region size 1024K, 8 young (8192K), 8 survivors (8192K)
 Metaspace       used 86587K, committed 88576K, reserved 458752K
  class space    used 11664K, committed 12480K, reserved 327680K
}
Event: 3794.104 GC heap before
{Heap before GC invocations=27 (full 1):
 garbage-first heap   total 262144K, used 214527K [0x00000000e0000000, 0x0000000100000000)
  region size 1024K, 136 young (139264K), 8 survivors (8192K)
 Metaspace       used 87223K, committed 88640K, reserved 458752K
  class space    used 11724K, committed 12480K, reserved 327680K
}
Event: 3794.171 GC heap after
{Heap after GC invocations=28 (full 1):
 garbage-first heap   total 262144K, used 91344K [0x00000000e0000000, 0x0000000100000000)
  region size 1024K, 15 young (15360K), 15 survivors (15360K)
 Metaspace       used 87223K, committed 88640K, reserved 458752K
  class space    used 11724K, committed 12480K, reserved 327680K
}
Event: 3835.534 GC heap before
{Heap before GC invocations=28 (full 1):
 garbage-first heap   total 262144K, used 213200K [0x00000000e0000000, 0x0000000100000000)
  region size 1024K, 134 young (137216K), 15 survivors (15360K)
 Metaspace       used 87382K, committed 88768K, reserved 458752K
  class space    used 11733K, committed 12480K, reserved 327680K
}
Event: 3835.580 GC heap after
{Heap after GC invocations=29 (full 1):
 garbage-first heap   total 262144K, used 98007K [0x00000000e0000000, 0x0000000100000000)
  region size 1024K, 14 young (14336K), 14 survivors (14336K)
 Metaspace       used 87382K, committed 88768K, reserved 458752K
  class space    used 11733K, committed 12480K, reserved 327680K
}
Event: 3848.345 GC heap before
{Heap before GC invocations=29 (full 1):
 garbage-first heap   total 262144K, used 210647K [0x00000000e0000000, 0x0000000100000000)
  region size 1024K, 125 young (128000K), 14 survivors (14336K)
 Metaspace       used 87488K, committed 88832K, reserved 458752K
  class space    used 11734K, committed 12480K, reserved 327680K
}
Event: 3848.359 GC heap after
{Heap after GC invocations=30 (full 1):
 garbage-first heap   total 262144K, used 97897K [0x00000000e0000000, 0x0000000100000000)
  region size 1024K, 7 young (7168K), 7 survivors (7168K)
 Metaspace       used 87488K, committed 88832K, reserved 458752K
  class space    used 11734K, committed 12480K, reserved 327680K
}
Event: 4278.900 GC heap before
{Heap before GC invocations=30 (full 1):
 garbage-first heap   total 262144K, used 210537K [0x00000000e0000000, 0x0000000100000000)
  region size 1024K, 118 young (120832K), 7 survivors (7168K)
 Metaspace       used 87543K, committed 88960K, reserved 458752K
  class space    used 11735K, committed 12480K, reserved 327680K
}
Event: 4278.925 GC heap after
{Heap after GC invocations=31 (full 1):
 garbage-first heap   total 262144K, used 92468K [0x00000000e0000000, 0x0000000100000000)
  region size 1024K, 2 young (2048K), 2 survivors (2048K)
 Metaspace       used 87543K, committed 88960K, reserved 458752K
  class space    used 11735K, committed 12480K, reserved 327680K
}
Event: 4290.284 GC heap before
{Heap before GC invocations=31 (full 1):
 garbage-first heap   total 262144K, used 213300K [0x00000000e0000000, 0x0000000100000000)
  region size 1024K, 121 young (123904K), 2 survivors (2048K)
 Metaspace       used 87682K, committed 89088K, reserved 458752K
  class space    used 11737K, committed 12480K, reserved 327680K
}
Event: 4290.296 GC heap after
{Heap after GC invocations=32 (full 1):
 garbage-first heap   total 262144K, used 97861K [0x00000000e0000000, 0x0000000100000000)
  region size 1024K, 7 young (7168K), 7 survivors (7168K)
 Metaspace       used 87682K, committed 89088K, reserved 458752K
  class space    used 11737K, committed 12480K, reserved 327680K
}
Event: 4321.526 GC heap before
{Heap before GC invocations=32 (full 1):
 garbage-first heap   total 262144K, used 212549K [0x00000000e0000000, 0x0000000100000000)
  region size 1024K, 120 young (122880K), 7 survivors (7168K)
 Metaspace       used 87871K, committed 89280K, reserved 458752K
  class space    used 11748K, committed 12480K, reserved 327680K
}
Event: 4321.530 GC heap after
{Heap after GC invocations=33 (full 1):
 garbage-first heap   total 262144K, used 97004K [0x00000000e0000000, 0x0000000100000000)
  region size 1024K, 6 young (6144K), 6 survivors (6144K)
 Metaspace       used 87871K, committed 89280K, reserved 458752K
  class space    used 11748K, committed 12480K, reserved 327680K
}
Event: 4331.086 GC heap before
{Heap before GC invocations=33 (full 1):
 garbage-first heap   total 262144K, used 211692K [0x00000000e0000000, 0x0000000100000000)
  region size 1024K, 119 young (121856K), 6 survivors (6144K)
 Metaspace       used 88017K, committed 89344K, reserved 458752K
  class space    used 11749K, committed 12480K, reserved 327680K
}
Event: 4331.091 GC heap after
{Heap after GC invocations=34 (full 1):
 garbage-first heap   total 262144K, used 96859K [0x00000000e0000000, 0x0000000100000000)
  region size 1024K, 6 young (6144K), 6 survivors (6144K)
 Metaspace       used 88017K, committed 89344K, reserved 458752K
  class space    used 11749K, committed 12480K, reserved 327680K
}

